2024-02-12 21:06:55 [46mplatform[0m > Docker volume job log path: /tmp/workspace/13/0/logs.log
2024-02-12 21:06:55 [46mplatform[0m > Executing worker wrapper. Airbyte version: 0.50.48
2024-02-12 21:06:55 [46mplatform[0m > Attempt 0 to save workflow id for cancellation
2024-02-12 21:06:55 [46mplatform[0m > start sync worker. job id: 13 attempt id: 0
2024-02-12 21:06:55 [46mplatform[0m > 
2024-02-12 21:06:55 [46mplatform[0m > ----- START REPLICATION -----
2024-02-12 21:06:55 [46mplatform[0m > 
2024-02-12 21:06:55 [46mplatform[0m > Running destination...
2024-02-12 21:06:55 [46mplatform[0m > Using default value for environment variable SIDECAR_KUBE_CPU_LIMIT: '2.0'
2024-02-12 21:06:55 [46mplatform[0m > Using default value for environment variable SOCAT_KUBE_CPU_LIMIT: '2.0'
2024-02-12 21:06:55 [46mplatform[0m > Using default value for environment variable SIDECAR_KUBE_CPU_REQUEST: '0.1'
2024-02-12 21:06:55 [46mplatform[0m > Using default value for environment variable SOCAT_KUBE_CPU_REQUEST: '0.1'
2024-02-12 21:06:55 [46mplatform[0m > Using default value for environment variable SIDECAR_KUBE_CPU_LIMIT: '2.0'
2024-02-12 21:06:55 [46mplatform[0m > Using default value for environment variable LAUNCHDARKLY_KEY: ''
2024-02-12 21:06:55 [46mplatform[0m > Using default value for environment variable SOCAT_KUBE_CPU_LIMIT: '2.0'
2024-02-12 21:06:55 [46mplatform[0m > Using default value for environment variable SIDECAR_KUBE_CPU_REQUEST: '0.1'
2024-02-12 21:06:55 [46mplatform[0m > Using default value for environment variable SOCAT_KUBE_CPU_REQUEST: '0.1'
2024-02-12 21:06:55 [46mplatform[0m > Using default value for environment variable LAUNCHDARKLY_KEY: ''
2024-02-12 21:06:55 [46mplatform[0m > Checking if airbyte/source-file:0.3.15 exists...
2024-02-12 21:06:55 [46mplatform[0m > Checking if airbyte/destination-postgres:0.6.0 exists...
2024-02-12 21:06:55 [46mplatform[0m > airbyte/source-file:0.3.15 was found locally.
2024-02-12 21:06:55 [46mplatform[0m > Creating docker container = source-file-read-13-0-dyzmt with resources io.airbyte.config.ResourceRequirements@1e99011a[cpuRequest=0.5,cpuLimit=1,memoryRequest=1Gi,memoryLimit=2Gi,additionalProperties={}] and allowedHosts io.airbyte.config.AllowedHosts@5c2f596c[hosts=[*, *.datadoghq.com, *.datadoghq.eu, *.sentry.io],additionalProperties={}]
2024-02-12 21:06:55 [46mplatform[0m > Preparing command: docker run --rm --init -i -w /data/13/0 --log-driver none --name source-file-read-13-0-dyzmt -e CONCURRENT_SOURCE_STREAM_READ=false --network host -v airbyte_workspace:/data -v /tmp/airbyte_local:/local -e DEPLOYMENT_MODE=OSS -e WORKER_CONNECTOR_IMAGE=airbyte/source-file:0.3.15 -e AUTO_DETECT_SCHEMA=true -e LAUNCHDARKLY_KEY= -e SOCAT_KUBE_CPU_REQUEST=0.1 -e SOCAT_KUBE_CPU_LIMIT=2.0 -e FIELD_SELECTION_WORKSPACES= -e USE_STREAM_CAPABLE_STATE=true -e WORKER_ENVIRONMENT=DOCKER -e AIRBYTE_ROLE=dev -e APPLY_FIELD_SELECTION=false -e WORKER_JOB_ATTEMPT=0 -e OTEL_COLLECTOR_ENDPOINT=http://host.docker.internal:4317 -e FEATURE_FLAG_CLIENT=config -e AIRBYTE_VERSION=0.50.48 -e WORKER_JOB_ID=13 --cpus=1 --memory-reservation=1Gi --memory=2Gi airbyte/source-file:0.3.15 read --config source_config.json --catalog source_catalog.json
2024-02-12 21:06:55 [46mplatform[0m > airbyte/destination-postgres:0.6.0 was found locally.
2024-02-12 21:06:55 [46mplatform[0m > Creating docker container = destination-postgres-write-13-0-xqdse with resources io.airbyte.config.ResourceRequirements@1a7095ac[cpuRequest=0.5,cpuLimit=1,memoryRequest=1Gi,memoryLimit=2Gi,additionalProperties={}] and allowedHosts null
2024-02-12 21:06:55 [46mplatform[0m > Preparing command: docker run --rm --init -i -w /data/13/0 --log-driver none --name destination-postgres-write-13-0-xqdse --network host -v airbyte_workspace:/data -v /tmp/airbyte_local:/local -e DEPLOYMENT_MODE=OSS -e WORKER_CONNECTOR_IMAGE=airbyte/destination-postgres:0.6.0 -e AUTO_DETECT_SCHEMA=true -e LAUNCHDARKLY_KEY= -e SOCAT_KUBE_CPU_REQUEST=0.1 -e SOCAT_KUBE_CPU_LIMIT=2.0 -e FIELD_SELECTION_WORKSPACES= -e USE_STREAM_CAPABLE_STATE=true -e WORKER_ENVIRONMENT=DOCKER -e AIRBYTE_ROLE=dev -e APPLY_FIELD_SELECTION=false -e WORKER_JOB_ATTEMPT=0 -e OTEL_COLLECTOR_ENDPOINT=http://host.docker.internal:4317 -e FEATURE_FLAG_CLIENT=config -e AIRBYTE_VERSION=0.50.48 -e WORKER_JOB_ID=13 --cpus=1 --memory-reservation=1Gi --memory=2Gi airbyte/destination-postgres:0.6.0 write --config destination_config.json --catalog destination_catalog.json
2024-02-12 21:06:55 [46mplatform[0m > Reading messages from protocol version 0.2.0
2024-02-12 21:06:55 [46mplatform[0m > Writing messages to protocol version 0.2.0
2024-02-12 21:06:55 [46mplatform[0m > Reading messages from protocol version 0.2.0
2024-02-12 21:06:55 [46mplatform[0m > readFromSource: start
2024-02-12 21:06:55 [46mplatform[0m > Starting source heartbeat check. Will check every 1 minutes.
2024-02-12 21:06:55 [46mplatform[0m > processMessage: start
2024-02-12 21:06:55 [46mplatform[0m > writeToDestination: start
2024-02-12 21:06:55 [46mplatform[0m > readFromDestination: start
2024-02-12 21:07:00 [44msource[0m > Reading users (https://raw.githubusercontent.com/mlops-itba/Datos-RS/main/data/usuarios_0.csv)...
2024-02-12 21:07:00 [44msource[0m > TransportParams: None
2024-02-12 21:07:01 [43mdestination[0m > WARN StatusConsoleListener The use of package scanning to locate plugins is deprecated and will be removed in a future release
2024-02-12 21:07:01 [43mdestination[0m > WARN StatusConsoleListener The use of package scanning to locate plugins is deprecated and will be removed in a future release
2024-02-12 21:07:01 [43mdestination[0m > WARN StatusConsoleListener The use of package scanning to locate plugins is deprecated and will be removed in a future release
2024-02-12 21:07:01 [43mdestination[0m > WARN StatusConsoleListener The use of package scanning to locate plugins is deprecated and will be removed in a future release
2024-02-12 21:07:01 [46mplatform[0m > Total records read: 377 (30 KB)
2024-02-12 21:07:01 [46mplatform[0m > Schema validation was performed to a max of 10 records with errors per stream.
2024-02-12 21:07:01 [46mplatform[0m > readFromSource: done. (source.isFinished:true, fromSource.isClosed:false)
2024-02-12 21:07:01 [46mplatform[0m > thread status... heartbeat thread: false , replication thread: true
2024-02-12 21:07:01 [46mplatform[0m > processMessage: done. (fromSource.isDone:true, forDest.isClosed:false)
2024-02-12 21:07:01 [46mplatform[0m > writeToDestination: done. (forDest.isDone:true, isDestRunning:true)
2024-02-12 21:07:01 [46mplatform[0m > thread status... timeout thread: false , replication thread: true
2024-02-12 21:07:02 [43mdestination[0m > 2024-02-12 21:07:02 [32mINFO[m i.a.i.d.p.PostgresDestination(main):128 - starting destination: class io.airbyte.integrations.destination.postgres.PostgresDestination
2024-02-12 21:07:02 [43mdestination[0m > 2024-02-12 21:07:02 [32mINFO[m i.a.c.i.b.IntegrationCliParser(parseOptions):126 - integration args: {catalog=destination_catalog.json, write=null, config=destination_config.json}
2024-02-12 21:07:02 [43mdestination[0m > 2024-02-12 21:07:02 [32mINFO[m i.a.c.i.b.IntegrationRunner(runInternal):132 - Running integration: io.airbyte.cdk.integrations.base.ssh.SshWrappedDestination
2024-02-12 21:07:02 [43mdestination[0m > 2024-02-12 21:07:02 [32mINFO[m i.a.c.i.b.IntegrationRunner(runInternal):133 - Command: WRITE
2024-02-12 21:07:02 [43mdestination[0m > 2024-02-12 21:07:02 [32mINFO[m i.a.c.i.b.IntegrationRunner(runInternal):134 - Integration config: IntegrationConfig{command=WRITE, configPath='destination_config.json', catalogPath='destination_catalog.json', statePath='null'}
2024-02-12 21:07:02 [43mdestination[0m > 2024-02-12 21:07:02 [33mWARN[m c.n.s.JsonMetaSchema(newValidator):278 - Unknown keyword order - you should define your own Meta Schema. If the keyword is irrelevant for validation, just use a NonValidationKeyword
2024-02-12 21:07:02 [43mdestination[0m > 2024-02-12 21:07:02 [33mWARN[m c.n.s.JsonMetaSchema(newValidator):278 - Unknown keyword airbyte_secret - you should define your own Meta Schema. If the keyword is irrelevant for validation, just use a NonValidationKeyword
2024-02-12 21:07:02 [43mdestination[0m > 2024-02-12 21:07:02 [32mINFO[m i.a.c.i.b.s.SshWrappedDestination(getSerializedMessageConsumer):107 - No SSH connection options found, using defaults
2024-02-12 21:07:03 [43mdestination[0m > 2024-02-12 21:07:03 [32mINFO[m i.a.c.i.b.s.SshTunnel(getInstance):252 - Starting connection with method: NO_TUNNEL
2024-02-12 21:07:03 [43mdestination[0m > 2024-02-12 21:07:03 [32mINFO[m c.z.h.HikariDataSource(<init>):80 - HikariPool-1 - Starting...
2024-02-12 21:07:03 [43mdestination[0m > 2024-02-12 21:07:03 [32mINFO[m c.z.h.HikariDataSource(<init>):82 - HikariPool-1 - Start completed.
2024-02-12 21:07:03 [43mdestination[0m > 2024-02-12 21:07:03 [32mINFO[m i.a.c.i.d.j.JdbcBufferedConsumerFactory(lambda$toWriteConfig$0):122 - Write config: WriteConfig{streamName=users, namespace=null, outputSchemaName=source, tmpTableName=_airbyte_tmp_alt_users, outputTableName=_airbyte_raw_users, syncMode=overwrite}
2024-02-12 21:07:03 [43mdestination[0m > 2024-02-12 21:07:03 [32mINFO[m i.a.c.i.d.b.BufferManager(<init>):53 - Max 'memory' available for buffer allocation 296 MB
2024-02-12 21:07:03 [43mdestination[0m > 2024-02-12 21:07:03 [32mINFO[m i.a.c.i.d.FlushWorkers(start):98 - Start async buffer supervisor
2024-02-12 21:07:03 [43mdestination[0m > 2024-02-12 21:07:03 [32mINFO[m i.a.c.i.d.b.BufferManager(printQueueInfo):118 - [ASYNC QUEUE INFO] Global: max: 296.96 MB, allocated: 10 MB (10.0 MB), % used: 0.03367428551701215 | State Manager memory usage: Allocated: 10 MB, Used: 0 bytes, percentage Used 0.000000
2024-02-12 21:07:03 [43mdestination[0m > 2024-02-12 21:07:03 [32mINFO[m i.a.c.i.d.AsyncStreamConsumer(start):138 - class io.airbyte.cdk.integrations.destination_async.AsyncStreamConsumer started.
2024-02-12 21:07:03 [43mdestination[0m > 2024-02-12 21:07:03 [32mINFO[m i.a.c.i.d.j.JdbcBufferedConsumerFactory(lambda$onStartFunction$1):165 - Preparing raw tables in destination started for 1 streams
2024-02-12 21:07:03 [43mdestination[0m > 2024-02-12 21:07:03 [32mINFO[m i.a.c.i.d.j.JdbcBufferedConsumerFactory(lambda$onStartFunction$1):170 - Preparing raw table in destination started for stream users. schema: source, table name: _airbyte_raw_users
2024-02-12 21:07:03 [43mdestination[0m > 2024-02-12 21:07:03 [32mINFO[m i.a.c.i.d.FlushWorkers(printWorkerInfo):146 - [ASYNC WORKER INFO] Pool queue size: 0, Active threads: 0
2024-02-12 21:07:03 [43mdestination[0m > 2024-02-12 21:07:03 [32mINFO[m i.a.c.i.d.j.JdbcBufferedConsumerFactory(lambda$onStartFunction$1):183 - Preparing raw tables in destination completed.
2024-02-12 21:07:03 [43mdestination[0m > 2024-02-12 21:07:03 [32mINFO[m i.a.c.i.d.FlushWorkers(close):191 - Closing flush workers -- waiting for all buffers to flush
2024-02-12 21:07:03 [43mdestination[0m > 2024-02-12 21:07:03 [32mINFO[m i.a.c.i.d.FlushWorkers(close):216 - REMAINING_BUFFERS_INFO
2024-02-12 21:07:03 [43mdestination[0m >   Namespace: null Stream: users -- remaining records: 377
2024-02-12 21:07:03 [43mdestination[0m > 2024-02-12 21:07:03 [32mINFO[m i.a.c.i.d.FlushWorkers(close):217 - Waiting for all streams to flush.
2024-02-12 21:07:04 [43mdestination[0m > 2024-02-12 21:07:04 [32mINFO[m i.a.c.i.d.DetectStreamToFlush(getNextStreamToFlush):122 - flushing: trigger info: null - users, time trigger: false , size trigger: true current threshold b: 0 bytes, queue size b: 89.34 KB, penalty b: 0 bytes, after penalty b: 89.34 KB
2024-02-12 21:07:04 [43mdestination[0m > 2024-02-12 21:07:04 [32mINFO[m i.a.c.i.d.FlushWorkers(lambda$flush$1):152 - Flush Worker (63deb) -- Worker picked up work.
2024-02-12 21:07:04 [43mdestination[0m > 2024-02-12 21:07:04 [32mINFO[m i.a.c.i.d.FlushWorkers(lambda$flush$1):154 - Flush Worker (63deb) -- Attempting to read from queue namespace: null, stream: users.
2024-02-12 21:07:04 [43mdestination[0m > 2024-02-12 21:07:04 [32mINFO[m i.a.c.i.d.GlobalMemoryManager(free):88 - Freeing 10394280 bytes..
2024-02-12 21:07:04 [43mdestination[0m > 2024-02-12 21:07:04 [32mINFO[m i.a.c.i.d.FlushWorkers(lambda$flush$1):167 - Flush Worker (63deb) -- Batch contains: 377 records, 89.34 KB bytes.
2024-02-12 21:07:04 [43mdestination[0m > 2024-02-12 21:07:04 [32mINFO[m i.a.c.i.d.GlobalMemoryManager(free):88 - Freeing 0 bytes..
2024-02-12 21:07:04 [43mdestination[0m > 2024-02-12 21:07:04 [32mINFO[m i.a.c.i.d.GlobalMemoryManager(free):88 - Freeing 91480 bytes..
2024-02-12 21:07:04 [43mdestination[0m > 2024-02-12 21:07:04 [32mINFO[m i.a.c.i.d.FlushWorkers(lambda$flush$1):176 - Flush Worker (63deb) -- Worker finished flushing. Current queue size: 0
2024-02-12 21:07:04 [43mdestination[0m > 2024-02-12 21:07:04 [32mINFO[m i.a.c.i.d.FlushWorkers(close):220 - Closing flush workers -- all buffers flushed
2024-02-12 21:07:04 [43mdestination[0m > 2024-02-12 21:07:04 [32mINFO[m i.a.c.i.d.GlobalMemoryManager(free):88 - Freeing 0 bytes..
2024-02-12 21:07:04 [43mdestination[0m > 2024-02-12 21:07:04 [32mINFO[m i.a.c.i.d.FlushWorkers(close):228 - Closing flush workers -- supervisor shut down
2024-02-12 21:07:04 [43mdestination[0m > 2024-02-12 21:07:04 [32mINFO[m i.a.c.i.d.FlushWorkers(close):230 - Closing flush workers -- Starting worker pool shutdown..
2024-02-12 21:07:04 [43mdestination[0m > 2024-02-12 21:07:04 [32mINFO[m i.a.c.i.d.FlushWorkers(close):235 - Closing flush workers  -- workers shut down
2024-02-12 21:07:04 [43mdestination[0m > 2024-02-12 21:07:04 [32mINFO[m i.a.c.i.d.b.BufferManager(close):92 - Buffers cleared..
2024-02-12 21:07:04 [43mdestination[0m > 2024-02-12 21:07:04 [32mINFO[m i.a.c.i.d.AsyncStreamConsumer(close):219 - class io.airbyte.cdk.integrations.destination_async.AsyncStreamConsumer closed
2024-02-12 21:07:04 [43mdestination[0m > 2024-02-12 21:07:04 [32mINFO[m i.a.c.i.b.IntegrationRunner(runInternal):231 - Completed integration: io.airbyte.cdk.integrations.base.ssh.SshWrappedDestination
2024-02-12 21:07:04 [43mdestination[0m > 2024-02-12 21:07:04 [32mINFO[m i.a.i.d.p.PostgresDestination(main):130 - completed destination: class io.airbyte.integrations.destination.postgres.PostgresDestination
2024-02-12 21:07:04 [43mdestination[0m > Destination process done (exit code 0)
2024-02-12 21:07:04 [43mdestination[0m > Skipping in-connector normalization
2024-02-12 21:07:04 [46mplatform[0m > readFromDestination: done. (writeToDestFailed:false, dest.isFinished:true)
2024-02-12 21:07:04 [46mplatform[0m > thread status... timeout thread: false , replication thread: true
2024-02-12 21:07:04 [46mplatform[0m > sync summary: {
  "status" : "completed",
  "recordsSynced" : 0,
  "bytesSynced" : 0,
  "startTime" : 1707772015866,
  "endTime" : 1707772024943,
  "totalStats" : {
    "bytesCommitted" : 31160,
    "bytesEmitted" : 31160,
    "destinationStateMessagesEmitted" : 0,
    "destinationWriteEndTime" : 1707772024933,
    "destinationWriteStartTime" : 1707772015869,
    "meanSecondsBeforeSourceStateMessageEmitted" : 0,
    "maxSecondsBeforeSourceStateMessageEmitted" : 0,
    "maxSecondsBetweenStateMessageEmittedandCommitted" : 0,
    "meanSecondsBetweenStateMessageEmittedandCommitted" : 0,
    "recordsEmitted" : 377,
    "recordsCommitted" : 377,
    "replicationEndTime" : 1707772024943,
    "replicationStartTime" : 1707772015866,
    "sourceReadEndTime" : 1707772021745,
    "sourceReadStartTime" : 1707772015869,
    "sourceStateMessagesEmitted" : 0
  },
  "streamStats" : [ {
    "streamName" : "users",
    "stats" : {
      "bytesCommitted" : 31160,
      "bytesEmitted" : 31160,
      "recordsEmitted" : 377,
      "recordsCommitted" : 377
    }
  } ],
  "performanceMetrics" : {
    "processFromSource" : {
      "elapsedTimeInNanos" : 27089947,
      "executionCount" : 377,
      "avgExecTimeInNanos" : 71856.62334217507
    },
    "readFromSource" : {
      "elapsedTimeInNanos" : 5762898627,
      "executionCount" : 12125,
      "avgExecTimeInNanos" : 475290.60841237113
    },
    "processFromDest" : {
      "elapsedTimeInNanos" : 0,
      "executionCount" : 0,
      "avgExecTimeInNanos" : "NaN"
    },
    "writeToDest" : {
      "elapsedTimeInNanos" : 9753538,
      "executionCount" : 377,
      "avgExecTimeInNanos" : 25871.453580901856
    },
    "readFromDest" : {
      "elapsedTimeInNanos" : 8965850625,
      "executionCount" : 1159,
      "avgExecTimeInNanos" : 7735850.409836066
    }
  }
}
2024-02-12 21:07:04 [46mplatform[0m > failures: [ ]
2024-02-12 21:07:04 [46mplatform[0m > 
2024-02-12 21:07:04 [46mplatform[0m > ----- END REPLICATION -----
2024-02-12 21:07:04 [46mplatform[0m > 
2024-02-12 21:07:05 [46mplatform[0m > Docker volume job log path: /tmp/workspace/13/0/logs.log
2024-02-12 21:07:05 [46mplatform[0m > Executing worker wrapper. Airbyte version: 0.50.48
2024-02-12 21:07:05 [46mplatform[0m > Attempt 0 to save workflow id for cancellation
2024-02-12 21:07:05 [46mplatform[0m > Running with normalization version: airbyte/normalization:0.4.3
2024-02-12 21:07:05 [46mplatform[0m > 
2024-02-12 21:07:05 [46mplatform[0m > ----- START DEFAULT NORMALIZATION -----
2024-02-12 21:07:05 [46mplatform[0m > 
2024-02-12 21:07:05 [46mplatform[0m > Checking if airbyte/normalization:0.4.3 exists...
2024-02-12 21:07:05 [46mplatform[0m > airbyte/normalization:0.4.3 was found locally.
2024-02-12 21:07:05 [46mplatform[0m > Creating docker container = normalization-normalize-13-0-slsjz with resources io.airbyte.config.ResourceRequirements@1591b666[cpuRequest=,cpuLimit=,memoryRequest=,memoryLimit=,additionalProperties={}] and allowedHosts null
2024-02-12 21:07:05 [46mplatform[0m > Preparing command: docker run --rm --init -i -w /data/13/0/normalize --log-driver none --name normalization-normalize-13-0-slsjz --network host -v airbyte_workspace:/data -v /tmp/airbyte_local:/local -e DEPLOYMENT_MODE=OSS -e WORKER_ENVIRONMENT=DOCKER -e AIRBYTE_ROLE=dev -e AIRBYTE_VERSION=0.50.48 airbyte/normalization:0.4.3 run --integration-type postgres --config destination_config.json --catalog destination_catalog.json
2024-02-12 21:07:05 [42mnormalization[0m > Running: transform-config --config destination_config.json --integration-type postgres --out /data/13/0/normalize
2024-02-12 21:07:09 [42mnormalization[0m > Namespace(config='destination_config.json', integration_type=<DestinationType.POSTGRES: 'postgres'>, out='/data/13/0/normalize')
2024-02-12 21:07:09 [42mnormalization[0m > transform_postgres
2024-02-12 21:07:09 [42mnormalization[0m > Running: transform-catalog --integration-type postgres --profile-config-dir /data/13/0/normalize --catalog destination_catalog.json --out /data/13/0/normalize/models/generated/ --json-column _airbyte_data
2024-02-12 21:07:13 [42mnormalization[0m > Processing destination_catalog.json...
2024-02-12 21:07:13 [42mnormalization[0m >   Generating airbyte_ctes/source/users_ab1.sql from users
2024-02-12 21:07:13 [42mnormalization[0m >   Generating airbyte_ctes/source/users_ab2.sql from users
2024-02-12 21:07:13 [42mnormalization[0m >   Generating airbyte_ctes/source/users_ab3.sql from users
2024-02-12 21:07:13 [42mnormalization[0m >   Adding drop table hook for users_scd to users
2024-02-12 21:07:13 [42mnormalization[0m >   Generating airbyte_tables/source/users.sql from users
2024-02-12 21:07:13 [42mnormalization[0m > detected no config file for ssh, assuming ssh is off.
2024-02-12 21:07:31 [42mnormalization[0m >            [--event-buffer-size EVENT_BUFFER_SIZE]
2024-02-12 21:07:31 [42mnormalization[0m >   --event-buffer-size EVENT_BUFFER_SIZE
2024-02-12 21:07:31 [46mplatform[0m > 
2024-02-12 21:07:31 [42mnormalization[0m > DBT >=1.0.0 detected; using 10K event buffer size
2024-02-12 21:07:31 [46mplatform[0m > 
2024-02-12 21:07:49 [42mnormalization[0m > Running with dbt=1.0.0
2024-02-12 21:07:49 [42mnormalization[0m > Partial parse save file not found. Starting full parse.
2024-02-12 21:07:59 [42mnormalization[0m > [[33mWARNING[0m]: Configuration paths exist in your dbt_project.yml file which do not apply to any resources.
There are 2 unused configuration paths:
- models.airbyte_utils.generated.airbyte_incremental
- models.airbyte_utils.generated.airbyte_views

2024-02-12 21:07:59 [42mnormalization[0m > Found 4 models, 0 tests, 0 snapshots, 0 analyses, 599 macros, 0 operations, 0 seed files, 1 source, 0 exposures, 0 metrics
2024-02-12 21:07:59 [42mnormalization[0m > Concurrency: 8 threads (target='prod')
2024-02-12 21:08:00 [42mnormalization[0m > 1 of 1 START table model source.users................................................................................... [RUN]
2024-02-12 21:08:01 [42mnormalization[0m > 1 of 1 OK created table model source.users.............................................................................. [[32mSELECT 377[0m in 0.76s]
2024-02-12 21:08:01 [42mnormalization[0m > Finished running 1 table model in 2.13s.
2024-02-12 21:08:01 [42mnormalization[0m > [32mCompleted successfully[0m
2024-02-12 21:08:01 [42mnormalization[0m > Done. PASS=1 WARN=0 ERROR=0 SKIP=0 TOTAL=1
2024-02-12 21:08:02 [46mplatform[0m > Terminating normalization process...
2024-02-12 21:08:02 [46mplatform[0m > Normalization process successfully terminated.
2024-02-12 21:08:02 [46mplatform[0m > Normalization executed in 56 seconds for job 13.
2024-02-12 21:08:02 [46mplatform[0m > Normalization summary: io.airbyte.config.NormalizationSummary@1ec14219[startTime=1707772025283,endTime=1707772082057,failures=[],additionalProperties={}]
2024-02-12 21:08:02 [46mplatform[0m > 
2024-02-12 21:08:02 [46mplatform[0m > ----- END DEFAULT NORMALIZATION -----
2024-02-12 21:08:02 [46mplatform[0m > 
